Start testing: Nov 22 16:11 UTC
----------------------------------------------------------
1/2 Testing: MongoClientTest
1/2 Test: MongoClientTest
Command: "/app/astra/build/mongoclient/test_mongoclient"
Directory: /app/astra/build/mongoclient
"MongoClientTest" start time: Nov 22 16:11 UTC
Output:
----------------------------------------------------------

========================================
Running MongoClient Test Suite
========================================

[TEST] testInstantiation
  ✓ MongoClient instantiation successful
[TEST] testInitialStateNotConnected
  ✓ Initial state is correctly disconnected
[TEST] testConnectChangesState
  ✓ Connection state changes correctly
[TEST] testDoubleConnectThrows
  ✓ Double connect properly throws exception
[TEST] testDisconnectChangesState
  ✓ Disconnect changes state correctly
[TEST] testDisconnectWhenNotConnected
  ✓ Disconnect when not connected is safe
[TEST] testQueryWithoutConnectionThrows
  ✓ Query without connection properly throws exception
[TEST] testMultipleClientInstances
  ✓ Multiple client instances work correctly

========================================
✓ All tests passed! (8/8)
========================================

<end of output>
Test time =   0.01 sec
----------------------------------------------------------
Test Passed.
"MongoClientTest" end time: Nov 22 16:11 UTC
"MongoClientTest" time elapsed: 00:00:00
----------------------------------------------------------

2/2 Testing: mongoc/mlib/ckdint
2/2 Test: mongoc/mlib/ckdint
Command: "/app/astra/build/_deps/mongo-c-driver-build/src/common/mlib-ckdint-test"
Directory: /app/astra/build/_deps/mongo-c-driver-build/src/common
"mongoc/mlib/ckdint" start time: Nov 22 16:11 UTC
Output:
----------------------------------------------------------
<end of output>
Test time =   0.28 sec
----------------------------------------------------------
Test Passed.
"mongoc/mlib/ckdint" end time: Nov 22 16:11 UTC
"mongoc/mlib/ckdint" time elapsed: 00:00:00
----------------------------------------------------------

End testing: Nov 22 16:11 UTC
